#
# There is insufficient memory for the Java Runtime Environment to continue.
# Native memory allocation (malloc) failed to allocate 2220176 bytes for Chunk::new
# Possible reasons:
#   The system is out of physical RAM or swap space
#   In 32 bit mode, the process size limit was hit
# Possible solutions:
#   Reduce memory load on the system
#   Increase physical memory or swap space
#   Check if swap backing store is full
#   Use 64 bit Java on a 64 bit OS
#   Decrease Java heap size (-Xmx/-Xms)
#   Decrease number of Java threads
#   Decrease Java thread stack sizes (-Xss)
#   Set larger code cache with -XX:ReservedCodeCacheSize=
# This output file may be truncated or incomplete.
#
#  Out of Memory Error (allocation.cpp:390), pid=53540, tid=0x000000000000e27c
#
# JRE version: Java(TM) SE Runtime Environment (8.0_172-b11) (build 1.8.0_172-b11)
# Java VM: Java HotSpot(TM) 64-Bit Server VM (25.172-b11 mixed mode windows-amd64 compressed oops)
# Failed to write core dump. Minidumps are not enabled by default on client versions of Windows
#

---------------  T H R E A D  ---------------

Current thread (0x0000000054c9b000):  JavaThread "C2 CompilerThread0" daemon [_thread_in_native, id=57980, stack(0x0000000055780000,0x0000000055880000)]

Stack: [0x0000000055780000,0x0000000055880000]
[error occurred during error reporting (printing stack bounds), id 0xc0000005]

Native frames: (J=compiled Java code, j=interpreted, Vv=VM code, C=native code)


Current CompileTask:
C2:   4711 2359       4       java.net.URLClassLoader$1::run (5 bytes)


---------------  P R O C E S S  ---------------

Java Threads: ( => current thread )
  0x0000000054ce0000 JavaThread "Service Thread" daemon [_thread_blocked, id=57456, stack(0x0000000056130000,0x0000000056230000)]
  0x0000000054ca2800 JavaThread "C1 CompilerThread1" daemon [_thread_blocked, id=57492, stack(0x0000000055f40000,0x0000000056040000)]
=>0x0000000054c9b000 JavaThread "C2 CompilerThread0" daemon [_thread_in_native, id=57980, stack(0x0000000055780000,0x0000000055880000)]
  0x0000000054c99800 JavaThread "Attach Listener" daemon [_thread_blocked, id=56028, stack(0x0000000055da0000,0x0000000055ea0000)]
  0x0000000054c98000 JavaThread "Signal Dispatcher" daemon [_thread_blocked, id=56384, stack(0x0000000055bf0000,0x0000000055cf0000)]
  0x0000000054c7f000 JavaThread "Finalizer" daemon [_thread_blocked, id=53412, stack(0x0000000055af0000,0x0000000055bf0000)]
  0x0000000054c36000 JavaThread "Reference Handler" daemon [_thread_blocked, id=40268, stack(0x00000000558e0000,0x00000000559e0000)]
  0x0000000001e01800 JavaThread "main" [_thread_in_Java, id=58364, stack(0x00000000021f0000,0x00000000022f0000)]

Other Threads:
  0x0000000054c2e000 VMThread [stack: 0x0000000055620000,0x0000000055720000] [id=57900]
  0x0000000056258800 WatcherThread [stack: 0x0000000056710000,0x0000000056810000] [id=58188]

VM state:not at safepoint (normal execution)

VM Mutex/Monitor currently owned by a thread: None

Heap:
 PSYoungGen      total 35328K, used 3834K [0x00000000eab00000, 0x00000000ed000000, 0x0000000100000000)
  eden space 32768K, 3% used [0x00000000eab00000,0x00000000eac46a78,0x00000000ecb00000)
  from space 2560K, 98% used [0x00000000ecd80000,0x00000000ecff8020,0x00000000ed000000)
  to   space 2560K, 0% used [0x00000000ecb00000,0x00000000ecb00000,0x00000000ecd80000)
 ParOldGen       total 44032K, used 17310K [0x00000000c0000000, 0x00000000c2b00000, 0x00000000eab00000)
  object space 44032K, 39% used [0x00000000c0000000,0x00000000c10e7ba8,0x00000000c2b00000)
 Metaspace       used 18273K, capacity 18564K, committed 18816K, reserved 1064960K
  class space    used 2210K, capacity 2348K, committed 2432K, reserved 1048576K

Card table byte_map: [0x0000000011980000,0x0000000011b90000] byte_map_base: 0x0000000011380000

Marking Bits: (ParMarkBitMap*) 0x00000000623a3c10
 Begin Bits: [0x0000000012100000, 0x0000000013100000)
 End Bits:   [0x0000000013100000, 0x0000000014100000)

Polling page: 0x0000000000230000

CodeCache: size=245760Kb used=8267Kb max_used=8267Kb free=237492Kb
 bounds [0x00000000025c0000, 0x0000000002de0000, 0x00000000115c0000]
 total_blobs=2873 nmethods=2500 adapters=285
 compilation: enabled

Compilation events (10 events):
Event: 4.598 Thread 0x0000000054ca2800 2505       1       java.util.logging.Logger::getName (5 bytes)
Event: 4.598 Thread 0x0000000054ca2800 nmethod 2505 0x0000000002dd3890 code [0x0000000002dd39e0, 0x0000000002dd3af0]
Event: 4.620 Thread 0x0000000054ca2800 2506       2       java.net.URLStreamHandler::sameFile (136 bytes)
Event: 4.621 Thread 0x0000000054ca2800 nmethod 2506 0x0000000002dd3f50 code [0x0000000002dd4100, 0x0000000002dd4428]
Event: 4.630 Thread 0x0000000054ca2800 2507       2       java.lang.ClassLoader::compareCerts (149 bytes)
Event: 4.631 Thread 0x0000000054ca2800 nmethod 2507 0x0000000002dd4610 code [0x0000000002dd47a0, 0x0000000002dd4c38]
Event: 4.636 Thread 0x0000000054ca2800 2508       2       java.util.logging.LogManager::getProperty (9 bytes)
Event: 4.636 Thread 0x0000000054ca2800 nmethod 2508 0x0000000002dd4f10 code [0x0000000002dd5080, 0x0000000002dd5208]
Event: 4.639 Thread 0x0000000054ca2800 2509  s    2       java.util.Hashtable::get (69 bytes)
Event: 4.639 Thread 0x0000000054ca2800 nmethod 2509 0x0000000002dd5290 code [0x0000000002dd5420, 0x0000000002dd5878]

GC Heap History (10 events):
Event: 1.970 GC heap before
{Heap before GC invocations=2 (full 0):
 PSYoungGen      total 18944K, used 18927K [0x00000000eab00000, 0x00000000ec000000, 0x0000000100000000)
  eden space 16384K, 100% used [0x00000000eab00000,0x00000000ebb00000,0x00000000ebb00000)
  from space 2560K, 99% used [0x00000000ebb00000,0x00000000ebd7bd38,0x00000000ebd80000)
  to   space 2560K, 0% used [0x00000000ebd80000,0x00000000ebd80000,0x00000000ec000000)
 ParOldGen       total 44032K, used 1069K [0x00000000c0000000, 0x00000000c2b00000, 0x00000000eab00000)
  object space 44032K, 2% used [0x00000000c0000000,0x00000000c010b4f8,0x00000000c2b00000)
 Metaspace       used 7995K, capacity 8124K, committed 8320K, reserved 1056768K
  class space    used 1002K, capacity 1048K, committed 1152K, reserved 1048576K
Event: 1.977 GC heap after
Heap after GC invocations=2 (full 0):
 PSYoungGen      total 18944K, used 2544K [0x00000000eab00000, 0x00000000ed000000, 0x0000000100000000)
  eden space 16384K, 0% used [0x00000000eab00000,0x00000000eab00000,0x00000000ebb00000)
  from space 2560K, 99% used [0x00000000ebd80000,0x00000000ebffc148,0x00000000ec000000)
  to   space 2560K, 0% used [0x00000000ebb00000,0x00000000ebb00000,0x00000000ebd80000)
 ParOldGen       total 44032K, used 1222K [0x00000000c0000000, 0x00000000c2b00000, 0x00000000eab00000)
  object space 44032K, 2% used [0x00000000c0000000,0x00000000c01318c0,0x00000000c2b00000)
 Metaspace       used 7995K, capacity 8124K, committed 8320K, reserved 1056768K
  class space    used 1002K, capacity 1048K, committed 1152K, reserved 1048576K
}
Event: 2.274 GC heap before
{Heap before GC invocations=3 (full 0):
 PSYoungGen      total 18944K, used 18928K [0x00000000eab00000, 0x00000000ed000000, 0x0000000100000000)
  eden space 16384K, 100% used [0x00000000eab00000,0x00000000ebb00000,0x00000000ebb00000)
  from space 2560K, 99% used [0x00000000ebd80000,0x00000000ebffc148,0x00000000ec000000)
  to   space 2560K, 0% used [0x00000000ebb00000,0x00000000ebb00000,0x00000000ebd80000)
 ParOldGen       total 44032K, used 1222K [0x00000000c0000000, 0x00000000c2b00000, 0x00000000eab00000)
  object space 44032K, 2% used [0x00000000c0000000,0x00000000c01318c0,0x00000000c2b00000)
 Metaspace       used 10180K, capacity 10394K, committed 10624K, reserved 1058816K
  class space    used 1272K, capacity 1379K, committed 1408K, reserved 1048576K
Event: 2.280 GC heap after
Heap after GC invocations=3 (full 0):
 PSYoungGen      total 18944K, used 2528K [0x00000000eab00000, 0x00000000ed000000, 0x0000000100000000)
  eden space 16384K, 0% used [0x00000000eab00000,0x00000000eab00000,0x00000000ebb00000)
  from space 2560K, 98% used [0x00000000ebb00000,0x00000000ebd78020,0x00000000ebd80000)
  to   space 2560K, 0% used [0x00000000ecd80000,0x00000000ecd80000,0x00000000ed000000)
 ParOldGen       total 44032K, used 3377K [0x00000000c0000000, 0x00000000c2b00000, 0x00000000eab00000)
  object space 44032K, 7% used [0x00000000c0000000,0x00000000c034c630,0x00000000c2b00000)
 Metaspace       used 10180K, capacity 10394K, committed 10624K, reserved 1058816K
  class space    used 1272K, capacity 1379K, committed 1408K, reserved 1048576K
}
Event: 2.662 GC heap before
{Heap before GC invocations=4 (full 0):
 PSYoungGen      total 18944K, used 18912K [0x00000000eab00000, 0x00000000ed000000, 0x0000000100000000)
  eden space 16384K, 100% used [0x00000000eab00000,0x00000000ebb00000,0x00000000ebb00000)
  from space 2560K, 98% used [0x00000000ebb00000,0x00000000ebd78020,0x00000000ebd80000)
  to   space 2560K, 0% used [0x00000000ecd80000,0x00000000ecd80000,0x00000000ed000000)
 ParOldGen       total 44032K, used 3377K [0x00000000c0000000, 0x00000000c2b00000, 0x00000000eab00000)
  object space 44032K, 7% used [0x00000000c0000000,0x00000000c034c630,0x00000000c2b00000)
 Metaspace       used 12220K, capacity 12404K, committed 12672K, reserved 1060864K
  class space    used 1556K, capacity 1638K, committed 1664K, reserved 1048576K
Event: 2.675 GC heap after
Heap after GC invocations=4 (full 0):
 PSYoungGen      total 35328K, used 2544K [0x00000000eab00000, 0x00000000ed000000, 0x0000000100000000)
  eden space 32768K, 0% used [0x00000000eab00000,0x00000000eab00000,0x00000000ecb00000)
  from space 2560K, 99% used [0x00000000ecd80000,0x00000000ecffc010,0x00000000ed000000)
  to   space 2560K, 0% used [0x00000000ecb00000,0x00000000ecb00000,0x00000000ecd80000)
 ParOldGen       total 44032K, used 5975K [0x00000000c0000000, 0x00000000c2b00000, 0x00000000eab00000)
  object space 44032K, 13% used [0x00000000c0000000,0x00000000c05d5ca0,0x00000000c2b00000)
 Metaspace       used 12220K, capacity 12404K, committed 12672K, reserved 1060864K
  class space    used 1556K, capacity 1638K, committed 1664K, reserved 1048576K
}
Event: 3.500 GC heap before
{Heap before GC invocations=5 (full 0):
 PSYoungGen      total 35328K, used 35312K [0x00000000eab00000, 0x00000000ed000000, 0x0000000100000000)
  eden space 32768K, 100% used [0x00000000eab00000,0x00000000ecb00000,0x00000000ecb00000)
  from space 2560K, 99% used [0x00000000ecd80000,0x00000000ecffc010,0x00000000ed000000)
  to   space 2560K, 0% used [0x00000000ecb00000,0x00000000ecb00000,0x00000000ecd80000)
 ParOldGen       total 44032K, used 5975K [0x00000000c0000000, 0x00000000c2b00000, 0x00000000eab00000)
  object space 44032K, 13% used [0x00000000c0000000,0x00000000c05d5ca0,0x00000000c2b00000)
 Metaspace       used 14378K, capacity 14536K, committed 14720K, reserved 1062912K
  class space    used 1770K, capacity 1844K, committed 1920K, reserved 1048576K
Event: 3.521 GC heap after
Heap after GC invocations=5 (full 0):
 PSYoungGen      total 35328K, used 2544K [0x00000000eab00000, 0x00000000ed000000, 0x0000000100000000)
  eden space 32768K, 0% used [0x00000000eab00000,0x00000000eab00000,0x00000000ecb00000)
  from space 2560K, 99% used [0x00000000ecb00000,0x00000000ecd7c010,0x00000000ecd80000)
  to   space 2560K, 0% used [0x00000000ecd80000,0x00000000ecd80000,0x00000000ed000000)
 ParOldGen       total 44032K, used 12413K [0x00000000c0000000, 0x00000000c2b00000, 0x00000000eab00000)
  object space 44032K, 28% used [0x00000000c0000000,0x00000000c0c1f668,0x00000000c2b00000)
 Metaspace       used 14378K, capacity 14536K, committed 14720K, reserved 1062912K
  class space    used 1770K, capacity 1844K, committed 1920K, reserved 1048576K
}
Event: 4.659 GC heap before
{Heap before GC invocations=6 (full 0):
 PSYoungGen      total 35328K, used 35312K [0x00000000eab00000, 0x00000000ed000000, 0x0000000100000000)
  eden space 32768K, 100% used [0x00000000eab00000,0x00000000ecb00000,0x00000000ecb00000)
  from space 2560K, 99% used [0x00000000ecb00000,0x00000000ecd7c010,0x00000000ecd80000)
  to   space 2560K, 0% used [0x00000000ecd80000,0x00000000ecd80000,0x00000000ed000000)
 ParOldGen       total 44032K, used 12413K [0x00000000c0000000, 0x00000000c2b00000, 0x00000000eab00000)
  object space 44032K, 28% used [0x00000000c0000000,0x00000000c0c1f668,0x00000000c2b00000)
 Metaspace       used 18224K, capacity 18494K, committed 18816K, reserved 1064960K
  class space    used 2201K, capacity 2347K, committed 2432K, reserved 1048576K
Event: 4.701 GC heap after
Heap after GC invocations=6 (full 0):
 PSYoungGen      total 35328K, used 2528K [0x00000000eab00000, 0x00000000ed000000, 0x0000000100000000)
  eden space 32768K, 0% used [0x00000000eab00000,0x00000000eab00000,0x00000000ecb00000)
  from space 2560K, 98% used [0x00000000ecd80000,0x00000000ecff8020,0x00000000ed000000)
  to   space 2560K, 0% used [0x00000000ecb00000,0x00000000ecb00000,0x00000000ecd80000)
 ParOldGen       total 44032K, used 17310K [0x00000000c0000000, 0x00000000c2b00000, 0x00000000eab00000)
  object space 44032K, 39% used [0x00000000c0000000,0x00000000c10e7ba8,0x00000000c2b00000)
 Metaspace       used 18224K, capacity 18494K, committed 18816K, reserved 1064960K
  class space    used 2201K, capacity 2347K, committed 2432K, reserved 1048576K
}

Deoptimization events (10 events):
Event: 3.827 Thread 0x0000000001e01800 Uncommon trap: reason=unstable_if action=reinterpret pc=0x000000000284300c method=java.nio.charset.CharsetDecoder.decode(Ljava/nio/ByteBuffer;Ljava/nio/CharBuffer;Z)Ljava/nio/charset/CoderResult; @ 1
Event: 3.869 Thread 0x0000000001e01800 Uncommon trap: reason=unstable_if action=reinterpret pc=0x00000000028d00e0 method=java.util.HashMap.putVal(ILjava/lang/Object;Ljava/lang/Object;ZZ)Ljava/lang/Object; @ 236
Event: 3.904 Thread 0x0000000001e01800 Uncommon trap: reason=class_check action=maybe_recompile pc=0x0000000002c93854 method=java.util.Hashtable.addEntry(ILjava/lang/Object;Ljava/lang/Object;I)V @ 38
Event: 3.905 Thread 0x0000000001e01800 Uncommon trap: reason=unstable_if action=reinterpret pc=0x00000000028b25ec method=java.lang.CharacterDataLatin1.isWhitespace(I)Z @ 14
Event: 3.938 Thread 0x0000000001e01800 Uncommon trap: reason=unstable_if action=reinterpret pc=0x00000000026e4f08 method=java.net.URI.match(CJJ)Z @ 19
Event: 4.198 Thread 0x0000000001e01800 Uncommon trap: reason=bimorphic action=maybe_recompile pc=0x0000000002bd7f50 method=java.util.concurrent.ConcurrentHashMap.get(Ljava/lang/Object;)Ljava/lang/Object; @ 149
Event: 4.206 Thread 0x0000000001e01800 Uncommon trap: reason=bimorphic action=maybe_recompile pc=0x0000000002bd7f50 method=java.util.concurrent.ConcurrentHashMap.get(Ljava/lang/Object;)Ljava/lang/Object; @ 149
Event: 4.217 Thread 0x0000000001e01800 Uncommon trap: reason=bimorphic action=maybe_recompile pc=0x0000000002bd7f50 method=java.util.concurrent.ConcurrentHashMap.get(Ljava/lang/Object;)Ljava/lang/Object; @ 149
Event: 4.217 Thread 0x0000000001e01800 Uncommon trap: reason=bimorphic action=maybe_recompile pc=0x0000000002bd7f50 method=java.util.concurrent.ConcurrentHashMap.get(Ljava/lang/Object;)Ljava/lang/Object; @ 149
Event: 4.597 Thread 0x0000000001e01800 Uncommon trap: reason=class_check action=maybe_recompile pc=0x0000000002bebd2c method=java.util.Hashtable.get(Ljava/lang/Object;)Ljava/lang/Object; @ 6

Classes redefined (0 events):
No events

Internal exceptions (10 events):
Event: 3.730 Thread 0x0000000001e01800 Exception <a 'java/lang/NullPointerException'> (0x00000000eb93c388) thrown at [C:\re\workspace\8-2-build-windows-amd64-cygwin\jdk8u172\10810\hotspot\src\share\vm\interpreter\linkResolver.cpp, line 1185]
Event: 3.734 Thread 0x0000000001e01800 Exception <a 'java/lang/NullPointerException'> (0x00000000eb97d6c8) thrown at [C:\re\workspace\8-2-build-windows-amd64-cygwin\jdk8u172\10810\hotspot\src\share\vm\interpreter\linkResolver.cpp, line 1185]
Event: 3.734 Thread 0x0000000001e01800 Exception <a 'java/lang/NullPointerException'> (0x00000000eb97dac8) thrown at [C:\re\workspace\8-2-build-windows-amd64-cygwin\jdk8u172\10810\hotspot\src\share\vm\interpreter\linkResolver.cpp, line 1185]
Event: 3.734 Thread 0x0000000001e01800 Exception <a 'java/lang/NullPointerException'> (0x00000000eb97dec8) thrown at [C:\re\workspace\8-2-build-windows-amd64-cygwin\jdk8u172\10810\hotspot\src\share\vm\interpreter\linkResolver.cpp, line 1185]
Event: 3.742 Thread 0x0000000001e01800 Exception <a 'java/lang/NullPointerException'> (0x00000000eb9a15f0) thrown at [C:\re\workspace\8-2-build-windows-amd64-cygwin\jdk8u172\10810\hotspot\src\share\vm\interpreter\linkResolver.cpp, line 1185]
Event: 3.742 Thread 0x0000000001e01800 Exception <a 'java/lang/NullPointerException'> (0x00000000eb9a19f0) thrown at [C:\re\workspace\8-2-build-windows-amd64-cygwin\jdk8u172\10810\hotspot\src\share\vm\interpreter\linkResolver.cpp, line 1185]
Event: 3.742 Thread 0x0000000001e01800 Exception <a 'java/lang/NullPointerException'> (0x00000000eb9a1df0) thrown at [C:\re\workspace\8-2-build-windows-amd64-cygwin\jdk8u172\10810\hotspot\src\share\vm\interpreter\linkResolver.cpp, line 1185]
Event: 3.785 Thread 0x0000000001e01800 Exception <a 'java/lang/NoClassDefFoundError': org/apache/log4j/Category> (0x00000000ebaec6e8) thrown at [C:\re\workspace\8-2-build-windows-amd64-cygwin\jdk8u172\10810\hotspot\src\share\vm\classfile\systemDictionary.cpp, line 199]
Event: 4.251 Thread 0x0000000001e01800 Exception <a 'java/lang/NoSuchFieldError': method resolution failed> (0x00000000ebf40c68) thrown at [C:\re\workspace\8-2-build-windows-amd64-cygwin\jdk8u172\10810\hotspot\src\share\vm\prims\methodHandles.cpp, line 1167]
Event: 4.258 Thread 0x0000000001e01800 Exception <a 'java/lang/NoSuchFieldError': method resolution failed> (0x00000000ebf4ee98) thrown at [C:\re\workspace\8-2-build-windows-amd64-cygwin\jdk8u172\10810\hotspot\src\share\vm\prims\methodHandles.cpp, line 1167]

Events (10 events):
Event: 4.657 loading class org/apache/maven/wagon/providers/http/httpclient/impl/execchain/MainClientExec
Event: 4.657 loading class org/apache/maven/wagon/providers/http/httpclient/impl/execchain/MainClientExec done
Event: 4.659 Executing VM operation: ParallelGCFailedAllocation
Event: 4.701 Executing VM operation: ParallelGCFailedAllocation done
Event: 4.701 loading class org/apache/maven/wagon/providers/http/httpclient/conn/routing/RouteInfo
Event: 4.701 loading class org/apache/maven/wagon/providers/http/httpclient/conn/routing/RouteInfo done
Event: 4.702 loading class org/apache/maven/wagon/providers/http/httpclient/impl/execchain/TunnelRefusedException
Event: 4.702 loading class org/apache/maven/wagon/providers/http/httpclient/impl/execchain/TunnelRefusedException done
Event: 4.703 loading class org/apache/maven/wagon/providers/http/httpclient/impl/conn/ConnectionShutdownException
Event: 4.703 loading class org/apache/maven/wagon/providers/http/httpclient/impl/conn/ConnectionShutdownException done


Dynamic libraries:
0x000000013f680000 - 0x000000013f6b7000 	C:\Program Files\Java\jdk1.8.0_172\bin\java.exe
0x00000000776d0000 - 0x000000007786f000 	C:\Windows\SYSTEM32\ntdll.dll
0x00000000775b0000 - 0x00000000776cf000 	C:\Windows\system32\kernel32.dll
0x000007fefd370000 - 0x000007fefd3da000 	C:\Windows\system32\KERNELBASE.dll
0x0000000074f10000 - 0x0000000074f9e000 	C:\Windows\System32\SYSFER.DLL
0x000007fefd8a0000 - 0x000007fefd97b000 	C:\Windows\system32\ADVAPI32.dll
0x000007fefd980000 - 0x000007fefda1f000 	C:\Windows\system32\msvcrt.dll
0x000007feff570000 - 0x000007feff58f000 	C:\Windows\SYSTEM32\sechost.dll
0x000007feff5c0000 - 0x000007feff6ec000 	C:\Windows\system32\RPCRT4.dll
0x00000000774b0000 - 0x00000000775aa000 	C:\Windows\system32\USER32.dll
0x000007fefdce0000 - 0x000007fefdd47000 	C:\Windows\system32\GDI32.dll
0x000007fefd5e0000 - 0x000007fefd5ee000 	C:\Windows\system32\LPK.dll
0x000007fefe260000 - 0x000007fefe32b000 	C:\Windows\system32\USP10.dll
0x000007fefb620000 - 0x000007fefb815000 	C:\Windows\WinSxS\amd64_microsoft.windows.common-controls_6595b64144ccf1df_6.0.7601.24380_none_e3731d0b30fb6b11\COMCTL32.dll
0x000007fefd5f0000 - 0x000007fefd661000 	C:\Windows\system32\SHLWAPI.dll
0x000007feff590000 - 0x000007feff5be000 	C:\Windows\system32\IMM32.DLL
0x000007fefdda0000 - 0x000007fefdea9000 	C:\Windows\system32\MSCTF.dll
0x0000000062430000 - 0x0000000062502000 	C:\Program Files\Java\jdk1.8.0_172\jre\bin\msvcr100.dll
0x0000000061b80000 - 0x0000000062423000 	C:\Program Files\Java\jdk1.8.0_172\jre\bin\server\jvm.dll
0x000007fef8030000 - 0x000007fef8039000 	C:\Windows\system32\WSOCK32.dll
0x000007fefdd50000 - 0x000007fefdd9d000 	C:\Windows\system32\WS2_32.dll
0x000007feff9b0000 - 0x000007feff9b8000 	C:\Windows\system32\NSI.dll
0x000007fefa6f0000 - 0x000007fefa72b000 	C:\Windows\system32\WINMM.dll
0x000007fefca00000 - 0x000007fefca0c000 	C:\Windows\system32\VERSION.dll
0x0000000077880000 - 0x0000000077887000 	C:\Windows\system32\PSAPI.DLL
0x0000000074740000 - 0x000000007474f000 	C:\Program Files\Java\jdk1.8.0_172\jre\bin\verify.dll
0x000000006a9c0000 - 0x000000006a9e9000 	C:\Program Files\Java\jdk1.8.0_172\jre\bin\java.dll
0x000000006ea70000 - 0x000000006ea86000 	C:\Program Files\Java\jdk1.8.0_172\jre\bin\zip.dll
0x000007fefe7e0000 - 0x000007feff56a000 	C:\Windows\system32\SHELL32.dll
0x000007fefdae0000 - 0x000007fefdcdf000 	C:\Windows\system32\ole32.dll
0x000007fefd220000 - 0x000007fefd22f000 	C:\Windows\system32\profapi.dll
0x000000006b000000 - 0x000000006b01a000 	C:\Program Files\Java\jdk1.8.0_172\jre\bin\net.dll
0x000007fefca10000 - 0x000007fefca65000 	C:\Windows\system32\mswsock.dll
0x000007fefcc70000 - 0x000007fefcc77000 	C:\Windows\System32\wship6.dll
0x000000006a8d0000 - 0x000000006a8e1000 	C:\Program Files\Java\jdk1.8.0_172\jre\bin\nio.dll
0x000000006a0d0000 - 0x000000006a0f4000 	C:\Program Files\Java\jdk1.8.0_172\jre\bin\sunec.dll
0x000007fef9b70000 - 0x000007fef9b97000 	C:\Windows\system32\IPHLPAPI.DLL
0x000007fef9b60000 - 0x000007fef9b6b000 	C:\Windows\system32\WINNSI.DLL
0x000007fef9540000 - 0x000007fef9551000 	C:\Windows\system32\dhcpcsvc6.DLL
0x000007fef94c0000 - 0x000007fef94d8000 	C:\Windows\system32\dhcpcsvc.DLL
0x000007fefca70000 - 0x000007fefca88000 	C:\Windows\system32\CRYPTSP.dll
0x000007fefc6d0000 - 0x000007fefc717000 	C:\Windows\system32\rsaenh.dll
0x000007fefd350000 - 0x000007fefd36e000 	C:\Windows\system32\USERENV.dll
0x000007fefd080000 - 0x000007fefd08f000 	C:\Windows\system32\CRYPTBASE.dll

VM Arguments:
jvm_args: -Dclassworlds.conf=C:\Users\sravyap\Softwares\apache-maven-3.3.3\bin\..\bin\m2.conf -Dmaven.home=C:\Users\sravyap\Softwares\apache-maven-3.3.3\bin\.. -Dmaven.multiModuleProjectDirectory=C:\Karthik\java_code\GetAPI 
java_command: org.codehaus.plexus.classworlds.launcher.Launcher clean install
java_class_path (initial): C:\Users\sravyap\Softwares\apache-maven-3.3.3\bin\..\boot\plexus-classworlds-2.5.2.jar
Launcher Type: SUN_STANDARD

Environment Variables:
JAVA_HOME=C:\Program Files\Java\jdk1.8.0_172
PATH=C:\Program Files (x86)\Common Files\Oracle\Java\javapath;C:\Oracle\product\11.2.0\client\bin;C:\Windows\system32;C:\Windows;C:\Windows\System32\Wbem;C:\Windows\System32\WindowsPowerShell\v1.0\;C:\Program Files\nodejs\;C:\Program Files\Microsoft VS Code\bin;C:\Program Files\Java\jdk1.8.0_172\bin;C:\Users\sravyap\Softwares\apache-maven-3.3.3\bin;C:\Users\sravyap\Softwares\PortableGit\bin;
USERNAME=sravyap
OS=Windows_NT
PROCESSOR_IDENTIFIER=Intel64 Family 6 Model 79 Stepping 1, GenuineIntel



---------------  S Y S T E M  ---------------

OS: Windows 7 , 64 bit Build 7601 (6.1.7601.24387)

CPU:total 2 (initial active 2) (2 cores per cpu, 1 threads per core) family 6 model 79 stepping 1, cmov, cx8, fxsr, mmx, sse, sse2, sse3, ssse3, sse4.1, sse4.2, popcnt, avx, aes, clmul, 3dnowpref, tsc, tscinvbit

Memory: 4k page, physical 4193848k(254380k free), swap 8386252k(4984k free)

vm_info: Java HotSpot(TM) 64-Bit Server VM (25.172-b11) for windows-amd64 JRE (1.8.0_172-b11), built on Mar 28 2018 21:21:52 by "java_re" with MS VC++ 10.0 (VS2010)

time: Thu May 30 15:46:40 2019
elapsed time: 4 seconds (0d 0h 0m 4s)

